f:\github_projects\s3_test\cpp_program\tft_serial_gui\tft_serial_gui\tft_serial_gui\x64\debug\vc140.pdb
f:\github_projects\s3_test\cpp_program\tft_serial_gui\tft_serial_gui\tft_serial_gui\x64\debug\vc140.idb
f:\github_projects\s3_test\cpp_program\tft_serial_gui\tft_serial_gui\tft_serial_gui\x64\debug\main.nativecodeanalysis.xml
f:\github_projects\s3_test\cpp_program\tft_serial_gui\tft_serial_gui\tft_serial_gui\x64\debug\main.obj
f:\github_projects\s3_test\cpp_program\tft_serial_gui\tft_serial_gui\x64\debug\tft_serial_gui.ilk
f:\github_projects\s3_test\cpp_program\tft_serial_gui\tft_serial_gui\x64\debug\tft_serial_gui.exe
f:\github_projects\s3_test\cpp_program\tft_serial_gui\tft_serial_gui\x64\debug\tft_serial_gui.pdb
f:\github_projects\s3_test\cpp_program\tft_serial_gui\tft_serial_gui\tft_serial_gui\x64\debug\tft_serial_gui.res
f:\github_projects\s3_test\cpp_program\tft_serial_gui\tft_serial_gui\tft_serial_gui\x64\debug\nativecodeanalysis.read.1.tlog
f:\github_projects\s3_test\cpp_program\tft_serial_gui\tft_serial_gui\tft_serial_gui\x64\debug\vc.nativecodeanalysis.all.xml
f:\github_projects\s3_test\cpp_program\tft_serial_gui\tft_serial_gui\x64\debug\tft_serial_gui.exe.lastcodeanalysissucceeded
f:\github_projects\s3_test\cpp_program\tft_serial_gui\tft_serial_gui\tft_serial_gui\x64\debug\tft_serial_gui.tlog\cl.command.1.tlog
f:\github_projects\s3_test\cpp_program\tft_serial_gui\tft_serial_gui\tft_serial_gui\x64\debug\tft_serial_gui.tlog\cl.read.1.tlog
f:\github_projects\s3_test\cpp_program\tft_serial_gui\tft_serial_gui\tft_serial_gui\x64\debug\tft_serial_gui.tlog\cl.write.1.tlog
f:\github_projects\s3_test\cpp_program\tft_serial_gui\tft_serial_gui\tft_serial_gui\x64\debug\tft_serial_gui.tlog\link.command.1.tlog
f:\github_projects\s3_test\cpp_program\tft_serial_gui\tft_serial_gui\tft_serial_gui\x64\debug\tft_serial_gui.tlog\link.read.1.tlog
f:\github_projects\s3_test\cpp_program\tft_serial_gui\tft_serial_gui\tft_serial_gui\x64\debug\tft_serial_gui.tlog\link.write.1.tlog
f:\github_projects\s3_test\cpp_program\tft_serial_gui\tft_serial_gui\tft_serial_gui\x64\debug\tft_serial_gui.tlog\rc.command.1.tlog
f:\github_projects\s3_test\cpp_program\tft_serial_gui\tft_serial_gui\tft_serial_gui\x64\debug\tft_serial_gui.tlog\rc.read.1.tlog
f:\github_projects\s3_test\cpp_program\tft_serial_gui\tft_serial_gui\tft_serial_gui\x64\debug\tft_serial_gui.tlog\rc.write.1.tlog
